<?xml version="1.0"?>
<!--Phoronix Test Suite v10.8.4-->
<PhoronixTestSuite>
  <TestInformation>
    <Title>Mongobench</Title>
    <AppVersion></AppVersion>
    <Description>Parallel MongoDB benchmark based on the official Golang driver.</Description>
    <ResultScale>Seconds</ResultScale>
    <Proportion>LIB</Proportion>
    <SubTitle>Read/Write performance</SubTitle>
    <Executable>mongobench</Executable>
    <TimesToRun>3</TimesToRun>
  </TestInformation>
  <TestProfile>
    <Version>1.0.0</Version>
    <SupportedPlatforms>Linux</SupportedPlatforms>
    <SoftwareType>Benchmark</SoftwareType>
    <TestType>System</TestType>
    <License>Free</License>
    <Status>Verified</Status>
    <SupportedArchitectures></SupportedArchitectures>
    <ExternalDependencies>golang</ExternalDependencies>
    <EnvironmentSize></EnvironmentSize>
    <ProjectURL>https://github.com/mongodb/mongo</ProjectURL>
    <RepositoryURL></RepositoryURL>
    <Maintainer>Daniil Gentili</Maintainer>
    <SystemDependencies></SystemDependencies>
  </TestProfile>
</PhoronixTestSuite>